This is pdfTeX, Version 3.141592653-2.6-1.40.24 (MiKTeX 22.3) (preloaded format=pdflatex 2023.9.21)  7 MAY 2024 12:59
entering extended mode
 restricted \write18 enabled.
 %&-line parsing enabled.
**./psig_template.tex
(psig_template.tex
LaTeX2e <2021-11-15> patch level 1
L3 programming layer <2022-05-04> (psig_required_latex_files/psig.cls

LaTeX Warning: You have requested document class `psig_required_latex_files/psi
g',
               but the document class provides `PSIG'.

Document Class: PSIG 2023/8/28 PSIG Version 0.1

(C:\Users\d56173\AppData\Local\Programs\MiKTeX\tex/latex/crop\crop.sty
Package: crop 2017/11/19 1.10 crop marks (mf)

(C:\Users\d56173\AppData\Local\Programs\MiKTeX\tex/generic/iftex\ifluatex.sty
Package: ifluatex 2019/10/25 v1.5 ifluatex legacy package. Use iftex instead.

(C:\Users\d56173\AppData\Local\Programs\MiKTeX\tex/generic/iftex\iftex.sty
Package: iftex 2022/02/03 v1.0f TeX engine tests
))
\stockwidth=\dimen138
\stockheight=\dimen139
\CROP@index=\count185

(C:\Users\d56173\AppData\Local\Programs\MiKTeX\tex/latex/graphics\color.sty
Package: color 2021/12/07 v1.3c Standard LaTeX Color (DPC)

(C:\Users\d56173\AppData\Local\Programs\MiKTeX\tex/latex/graphics-cfg\color.cfg
File: color.cfg 2016/01/02 v1.6 sample color configuration
)
Package color Info: Driver file: pdftex.def on input line 149.

(C:\Users\d56173\AppData\Local\Programs\MiKTeX\tex/latex/graphics-def\pdftex.de
f
File: pdftex.def 2020/10/05 v1.2a Graphics/color driver for pdftex
))
(C:\Users\d56173\AppData\Local\Programs\MiKTeX\tex/latex/graphics\graphics.sty
Package: graphics 2021/03/04 v1.4d Standard LaTeX Graphics (DPC,SPQR)

(C:\Users\d56173\AppData\Local\Programs\MiKTeX\tex/latex/graphics\trig.sty
Package: trig 2021/08/11 v1.11 sin cos tan (DPC)
)
(C:\Users\d56173\AppData\Local\Programs\MiKTeX\tex/latex/graphics-cfg\graphics.
cfg
File: graphics.cfg 2016/06/04 v1.11 sample graphics configuration
)
Package graphics Info: Driver file: pdftex.def on input line 107.
)
\CROP@offset=\count186
Package crop Info: Local config file crop.cfg used on input line 622.

(C:\Users\d56173\AppData\Local\Programs\MiKTeX\tex/xelatex/xetexconfig\crop.cfg
))
(C:\Users\d56173\AppData\Local\Programs\MiKTeX\tex/latex/graphics\graphicx.sty
Package: graphicx 2021/09/16 v1.2d Enhanced LaTeX Graphics (DPC,SPQR)

(C:\Users\d56173\AppData\Local\Programs\MiKTeX\tex/latex/graphics\keyval.sty
Package: keyval 2014/10/28 v1.15 key=value parser (DPC)
\KV@toks@=\toks16
)
\Gin@req@height=\dimen140
\Gin@req@width=\dimen141
)
(C:\Users\d56173\AppData\Local\Programs\MiKTeX\tex/latex/tools\array.sty
Package: array 2021/10/04 v2.5f Tabular extension package (FMi)
\col@sep=\dimen142
\ar@mcellbox=\box50
\extrarowheight=\dimen143
\NC@list=\toks17
\extratabsurround=\skip47
\backup@length=\skip48
\ar@cellbox=\box51
)
(C:\Users\d56173\AppData\Local\Programs\MiKTeX\tex/latex/amscls\amsthm.sty
Package: amsthm 2020/05/29 v2.20.6
\thm@style=\toks18
\thm@bodyfont=\toks19
\thm@headfont=\toks20
\thm@notefont=\toks21
\thm@headpunct=\toks22
\thm@preskip=\skip49
\thm@postskip=\skip50
\thm@headsep=\skip51
\dth@everypar=\toks23
)
(C:\Users\d56173\AppData\Local\Programs\MiKTeX\tex/latex/sttools\stfloats.sty
Package: stfloats 2017/03/27 v3.3 Improve float mechanism and baselineskip sett
ings
\@dblbotnum=\count187
\c@dblbotnumber=\count188
)
(C:\Users\d56173\AppData\Local\Programs\MiKTeX\tex/latex/amscls\upref.sty
Package: upref 2007/03/14 v2.04
)
(C:\Users\d56173\AppData\Local\Programs\MiKTeX\tex/latex/amsfonts\amsfonts.sty
Package: amsfonts 2013/01/14 v3.01 Basic AMSFonts support
\@emptytoks=\toks24
\symAMSa=\mathgroup4
\symAMSb=\mathgroup5
LaTeX Font Info:    Redeclaring math symbol \hbar on input line 98.
LaTeX Font Info:    Overwriting math alphabet `\mathfrak' in version `bold'
(Font)                  U/euf/m/n --> U/euf/b/n on input line 106.
) (C:\Users\d56173\AppData\Local\Programs\MiKTeX\tex/latex/amsfonts\amssymb.sty
Package: amssymb 2013/01/14 v3.01 AMS font symbols
) (C:\Users\d56173\AppData\Local\Programs\MiKTeX\tex/latex/sttools\cuted.sty
Package: cuted 2021/10/04 v2.0 Mixing onecolumn and twocolumn modes
\At@ViperColsBreak=\toks25
\preCutedStrip=\toks26
\postCutedStrip=\toks27
\cuted@@tempbox@a=\box52
\cuted@@tempbox@c=\box53
\cuted@@tempbox@var=\box54
\hold@viper=\box55
\@viper=\box56
\cuted@@varbox@a=\box57
\cuted@@varbox@c=\box58
\cuted@@tempdim@spread=\dimen144
\cuted@@tempdim@a=\dimen145
\cuted@@tempdim@b=\dimen146
\ht@hold@viper=\dimen147
\ht@viper=\dimen148
\var@@pagediscards@ht=\dimen149
\stripsep=\skip52
\viper@penalty=\count189
)
(C:\Users\d56173\AppData\Local\Programs\MiKTeX\tex/latex/vruler\vruler.sty
2.3 <24/10/96>
    VRULER version 2.3 Octorber 1996 By Z Jiang
    University of New England, Australia
    Email: zhuhan@neumann.une.edu.au
)
(C:\Users\d56173\AppData\Local\Programs\MiKTeX\tex/latex/amsmath\amsmath.sty
Package: amsmath 2021/10/15 v2.17l AMS math features
\@mathmargin=\skip53

For additional information on amsmath, use the `?' option.
(C:\Users\d56173\AppData\Local\Programs\MiKTeX\tex/latex/amsmath\amstext.sty
Package: amstext 2021/08/26 v2.01 AMS text

(C:\Users\d56173\AppData\Local\Programs\MiKTeX\tex/latex/amsmath\amsgen.sty
File: amsgen.sty 1999/11/30 v2.0 generic functions
\@emptytoks=\toks45
\ex@=\dimen155
))
(C:\Users\d56173\AppData\Local\Programs\MiKTeX\tex/latex/amsmath\amsbsy.sty
Package: amsbsy 1999/11/29 v1.2d Bold Symbols
\pmbraise@=\dimen156
)
(C:\Users\d56173\AppData\Local\Programs\MiKTeX\tex/latex/amsmath\amsopn.sty
Package: amsopn 2021/08/26 v2.02 operator names
)
\inf@bad=\count266
LaTeX Info: Redefining \frac on input line 234.
\uproot@=\count267
\leftroot@=\count268
LaTeX Info: Redefining \overline on input line 399.
\classnum@=\count269
\DOTSCASE@=\count270
LaTeX Info: Redefining \ldots on input line 496.
LaTeX Info: Redefining \dots on input line 499.
LaTeX Info: Redefining \cdots on input line 620.
\Mathstrutbox@=\box65
\strutbox@=\box66
\big@size=\dimen157
LaTeX Font Info:    Redeclaring font encoding OML on input line 743.
LaTeX Font Info:    Redeclaring font encoding OMS on input line 744.
\macc@depth=\count271
\c@MaxMatrixCols=\count272
\dotsspace@=\muskip16
\c@parentequation=\count273
\dspbrk@lvl=\count274
\tag@help=\toks46
\row@=\count275
\column@=\count276
\maxfields@=\count277
\andhelp@=\toks47
\eqnshift@=\dimen158
\alignsep@=\dimen159
\tagshift@=\dimen160
\tagwidth@=\dimen161
\totwidth@=\dimen162
\lineht@=\dimen163
\@envbody=\toks48
\multlinegap=\skip54
\multlinetaggap=\skip55
\mathdisplay@stack=\toks49
LaTeX Info: Redefining \[ on input line 2938.
LaTeX Info: Redefining \] on input line 2939.
)
(C:\Users\d56173\AppData\Local\Programs\MiKTeX\tex/latex/endnotes\endnotes.sty
Package: endnotes 2020-01-02 endnotes package
\c@endnote=\count278
\endnotesep=\dimen164
\@enotes=\write3
) (C:\Users\d56173\AppData\Local\Programs\MiKTeX\tex/latex/graphics\rotating.st
y
Package: rotating 2016/08/11 v2.16d rotated objects in LaTeX
(C:\Users\d56173\AppData\Local\Programs\MiKTeX\tex/latex/base\ifthen.sty
Package: ifthen 2020/11/24 v1.1c Standard LaTeX ifthen package (DPC)
)
\c@r@tfl@t=\count279
\rotFPtop=\skip56
\rotFPbot=\skip57
\rot@float@box=\box67
\rot@mess@toks=\toks50
)
(C:\Users\d56173\AppData\Local\Programs\MiKTeX\tex/latex/psnfss\times.sty
Package: times 2020/03/25 PSNFSS-v9.3 (SPQR) 
)
(C:\Users\d56173\AppData\Local\Programs\MiKTeX\tex/latex/xcolor\xcolor.sty
Package: xcolor 2021/10/31 v2.13 LaTeX color extensions (UK)

(C:\Users\d56173\AppData\Local\Programs\MiKTeX\tex/latex/graphics-cfg\color.cfg
File: color.cfg 2016/01/02 v1.6 sample color configuration
)
Package xcolor Info: Driver file: pdftex.def on input line 227.
LaTeX Info: Redefining \color on input line 711.
Package xcolor Info: Model `cmy' substituted by `cmy0' on input line 1352.
Package xcolor Info: Model `hsb' substituted by `rgb' on input line 1356.
Package xcolor Info: Model `RGB' extended on input line 1368.
Package xcolor Info: Model `HTML' substituted by `rgb' on input line 1370.
Package xcolor Info: Model `Hsb' substituted by `hsb' on input line 1371.
Package xcolor Info: Model `tHsb' substituted by `hsb' on input line 1372.
Package xcolor Info: Model `HSB' substituted by `hsb' on input line 1373.
Package xcolor Info: Model `Gray' substituted by `gray' on input line 1374.
Package xcolor Info: Model `wave' substituted by `hsb' on input line 1375.
)
\insidemargin=\skip58
\c@part=\count280
\c@section=\count281
\c@rsection=\count282
\c@subsection=\count283
\c@rsubsection=\count284
\c@subsubsection=\count285
\c@paragraph=\count286
\c@subparagraph=\count287
\c@refsection=\count288
\c@figure=\count289
\c@scolfig=\count290
\c@table=\count291
\c@qauth=\count292
\rotdimen=\dimen165
\abovecaptionskip=\skip59
\belowcaptionskip=\skip60
\tablecaptionbox=\box68
\tempdime=\dimen166
\temptbox=\box69
\abovefigskip=\skip61
\belowfigskip=\skip62
\bibindent=\dimen167
\mscount=\count293
 (C:\Users\d56173\AppData\Local\Programs\MiKTeX\tex/latex/lipsum\lipsum.sty
(C:\Users\d56173\AppData\Local\Programs\MiKTeX\tex/latex/l3packages/l3keys2e\l3
keys2e.sty
(C:\Users\d56173\AppData\Local\Programs\MiKTeX\tex/latex/l3kernel\expl3.sty
Package: expl3 2022-05-04 L3 programming layer (loader) 

(C:\Users\d56173\AppData\Local\Programs\MiKTeX\tex/latex/l3backend\l3backend-pd
ftex.def
File: l3backend-pdftex.def 2022-04-20 L3 backend support: PDF output (pdfTeX)
\l__color_backend_stack_int=\count294
\l__pdf_internal_box=\box70
))
Package: l3keys2e 2022-01-12 LaTeX2e option processing using LaTeX3 keys
)
Package: lipsum 2021-09-20 v2.7 150 paragraphs of Lorem Ipsum dummy text
\g__lipsum_par_int=\count295
\l__lipsum_a_int=\count296
\l__lipsum_b_int=\count297

(C:\Users\d56173\AppData\Local\Programs\MiKTeX\tex/latex/lipsum\lipsum.ltd.tex)
)
(C:\Users\d56173\AppData\Local\Programs\MiKTeX\tex/latex/listofitems\listofitem
s.sty
(C:\Users\d56173\AppData\Local\Programs\MiKTeX\tex/generic/listofitems\listofit
ems.tex
\loi_cnt_foreach_nest=\count298
\loi_nestcnt=\count299
)
Package: listofitems 2019/08/21 v1.63 Grab items in lists using user-specified 
sep char (CT)
)
(C:\Users\d56173\AppData\Local\Programs\MiKTeX\tex/latex/xpatch\xpatch.sty
Package: xpatch 2020/03/25 v0.3a Extending etoolbox patching commands

(C:\Users\d56173\AppData\Local\Programs\MiKTeX\tex/latex/l3packages/xparse\xpar
se.sty
Package: xparse 2022-01-12 L3 Experimental document command parser
)
(C:\Users\d56173\AppData\Local\Programs\MiKTeX\tex/latex/etoolbox\etoolbox.sty
Package: etoolbox 2020/10/05 v2.5k e-TeX tools for LaTeX (JAW)
\etb@tempcnta=\count300
)) (C:\Users\d56173\AppData\Local\Programs\MiKTeX\tex/latex/mhchem\mhchem.sty
Package: mhchem 2021/12/31 v4.09 for typesetting chemical formulae

(C:\Users\d56173\AppData\Local\Programs\MiKTeX\tex/latex/tools\calc.sty
Package: calc 2017/05/25 v4.3 Infix arithmetic (KKT,FJ)
\calc@Acount=\count301
\calc@Bcount=\count302
\calc@Adimen=\dimen168
\calc@Bdimen=\dimen169
\calc@Askip=\skip63
\calc@Bskip=\skip64
LaTeX Info: Redefining \setlength on input line 80.
LaTeX Info: Redefining \addtolength on input line 81.
\calc@Ccount=\count303
\calc@Cskip=\skip65
)
(C:\Users\d56173\AppData\Local\Programs\MiKTeX\tex/latex/chemgreek\chemgreek.st
y
Package: chemgreek 2020/01/16 v1.1a interface for upright Greek letters for use
 in chemistry (CN)
\l__chemgreek_tmpa_int=\count304
\g__chemgreek_tmpa_int=\count305
)
\l__mhchem_ce_distanceFromLastComma_int=\count306
\__mhchem_arrow_extPgfLength_skip=\skip66
\mhchem@minispace@tmp=\skip67
\mhchem@minibackspace@tmp=\skip68
\mhchem@bondwidth=\skip69
\mhchem@bondheight=\skip70
\mhchem@smallbondwidth@tmpA=\skip71
\mhchem@smallbondwidth@tmpB=\skip72
\mhchem@smallbondwidth=\skip73
\mhchem@bondtmp@minussidebearingleft=\skip74
\mhchem@bondtmp@minussidebearingright=\skip75
\l__mhchem_option_version_int=\count307
\mhchem@option@minusmathsidebearingleft=\dimen170
\mhchem@option@minusmathsidebearingright=\dimen171
\mhchem@option@minustextsidebearingleft=\dimen172
\mhchem@option@minustextsidebearingright=\dimen173


Package mhchem Warning: You did not specify a 'version' option for the mhchem
(mhchem)                package. Please write \usepackage[version=4]{mhchem}
(mhchem)                in your preamble (or any lower number for
(mhchem)                compatibility mode), because you might get slightly
(mhchem)                different output with the same input in future versions
.

)
(C:\Users\d56173\AppData\Local\Programs\MiKTeX\tex/latex/fancyhdr\fancyhdr.sty
Package: fancyhdr 2022/05/18 v4.0.3 Extensive control of page headers and foote
rs
\f@nch@headwidth=\skip76
\f@nch@O@elh=\skip77
\f@nch@O@erh=\skip78
\f@nch@O@olh=\skip79
\f@nch@O@orh=\skip80
\f@nch@O@elf=\skip81
\f@nch@O@erf=\skip82
\f@nch@O@olf=\skip83
\f@nch@O@orf=\skip84
) (C:\Users\d56173\AppData\Local\Programs\MiKTeX\tex/latex/enumitem\enumitem.st
y
Package: enumitem 2019/06/20 v3.9 Customized lists
\labelindent=\skip85
\enit@outerparindent=\dimen174
\enit@toks=\toks51
\enit@inbox=\box71
\enit@count@id=\count308
\enitdp@description=\count309
)
\c@theorem=\count310
\c@lemma=\count311
\c@corollary=\count312
)
LaTeX Font Info:    Trying to load font information for OT1+ptm on input line 1
4.
 (C:\Users\d56173\AppData\Local\Programs\MiKTeX\tex/latex/psnfss\ot1ptm.fd
File: ot1ptm.fd 2001/06/04 font definitions for OT1/ptm.
)
(psig_template.aux)
\openout1 = `psig_template.aux'.

LaTeX Font Info:    Checking defaults for OML/cmm/m/it on input line 14.
LaTeX Font Info:    ... okay on input line 14.
LaTeX Font Info:    Checking defaults for OMS/cmsy/m/n on input line 14.
LaTeX Font Info:    ... okay on input line 14.
LaTeX Font Info:    Checking defaults for OT1/cmr/m/n on input line 14.
LaTeX Font Info:    ... okay on input line 14.
LaTeX Font Info:    Checking defaults for T1/cmr/m/n on input line 14.
LaTeX Font Info:    ... okay on input line 14.
LaTeX Font Info:    Checking defaults for TS1/cmr/m/n on input line 14.
LaTeX Font Info:    ... okay on input line 14.
LaTeX Font Info:    Checking defaults for OMX/cmex/m/n on input line 14.
LaTeX Font Info:    ... okay on input line 14.
LaTeX Font Info:    Checking defaults for U/cmr/m/n on input line 14.
LaTeX Font Info:    ... okay on input line 14.

(C:\Users\d56173\AppData\Local\Programs\MiKTeX\tex/context/base/mkii\supp-pdf.m
kii
[Loading MPS to PDF converter (version 2006.09.02).]
\scratchcounter=\count313
\scratchdimen=\dimen175
\scratchbox=\box72
\nofMPsegments=\count314
\nofMParguments=\count315
\everyMPshowfont=\toks52
\MPscratchCnt=\count316
\MPscratchDim=\dimen176
\MPnumerator=\count317
\makeMPintoPDFobject=\count318
\everyMPtoPDFconversion=\toks53
)
(C:\Users\d56173\AppData\Local\Programs\MiKTeX\tex/latex/epstopdf-pkg\epstopdf-
base.sty
Package: epstopdf-base 2020-01-24 v2.11 Base part for package epstopdf
Package epstopdf-base Info: Redefining graphics rule for `.eps' on input line 4
85.

(C:\Users\d56173\AppData\Local\Programs\MiKTeX\tex/latex/00miktex\epstopdf-sys.
cfg
File: epstopdf-sys.cfg 2021/03/18 v2.0 Configuration of epstopdf for MiKTeX
))
Package crop Info: requested driver: `' on input line 14.
Package crop Info: detected driver: `pdftex' on input line 14.
Package crop Info: using `pdftex' graphics driver on input line 14.

Package chemgreek Info: Activating mapping `default' on line 14.

LaTeX Font Info:    Trying to load font information for OT1+phv on input line 6
1.
 (C:\Users\d56173\AppData\Local\Programs\MiKTeX\tex/latex/psnfss\ot1phv.fd
File: ot1phv.fd 2020/03/25 scalable font definitions for OT1/phv.
)
<psig_required_latex_files/psig_logo.png, id=1, 383.4325pt x 99.37125pt>
File: psig_required_latex_files/psig_logo.png Graphic file (type png)
<use psig_required_latex_files/psig_logo.png>
Package pdftex.def Info: psig_required_latex_files/psig_logo.png  used on input
 line 61.
(pdftex.def)             Requested size: 190.0pt x 49.24123pt.
LaTeX Font Info:    Trying to load font information for U+msa on input line 61.

 (C:\Users\d56173\AppData\Local\Programs\MiKTeX\tex/latex/amsfonts\umsa.fd
File: umsa.fd 2013/01/14 v3.01 AMS symbols A
)
LaTeX Font Info:    Trying to load font information for U+msb on input line 61.


(C:\Users\d56173\AppData\Local\Programs\MiKTeX\tex/latex/amsfonts\umsb.fd
File: umsb.fd 2013/01/14 v3.01 AMS symbols B
)
LaTeX Font Info:    Trying to load font information for TS1+phv on input line 6
3.

(C:\Users\d56173\AppData\Local\Programs\MiKTeX\tex/latex/psnfss\ts1phv.fd
File: ts1phv.fd 2020/03/25 scalable font definitions for TS1/phv.
)
Underfull \hbox (badness 1072) in paragraph at lines 63--63
\OT1/ptm/m/n/7 This paper was pre-pared for pre-sen-ta-tion at the PSIG Annual 
Meet-ing held in
 []


Underfull \hbox (badness 1087) in paragraph at lines 71--71
\OT1/ptm/m/n/10 mon-tes, nasce-tur ridi-cu-lus mus. Ali-quam tin-ci-dunt urna.
 []

LaTeX Font Info:    Calculating math sizes for size <14> on input line 77.

LaTeX Font Warning: Font shape `OT1/cmr/m/n' in size <6.5> not available
(Font)              size <6> substituted on input line 92.


LaTeX Font Warning: Font shape `OML/cmm/m/it' in size <6.5> not available
(Font)              size <6> substituted on input line 92.


LaTeX Font Warning: Font shape `OMS/cmsy/m/n' in size <6.5> not available
(Font)              size <6> substituted on input line 92.

<figs/comp_piping_and_valves.png, id=3, 417.05812pt x 472.76625pt>
File: figs/comp_piping_and_valves.png Graphic file (type png)
<use figs/comp_piping_and_valves.png>
Package pdftex.def Info: figs/comp_piping_and_valves.png  used on input line 10
8.
(pdftex.def)             Requested size: 142.26378pt x 161.265pt.

Underfull \hbox (badness 6961) in paragraph at lines 133--133
\OT1/ptm/m/n/10 augue sed urna. Vesti-bu-lum diam eros, frin-gilla et,
 []


Underfull \hbox (badness 1092) in paragraph at lines 133--133
\OT1/ptm/m/n/10 con-sec-te-tuer eu, nonummy id, sapien. Nul-lam at lec-tus.
 []


Underfull \hbox (badness 1577) in paragraph at lines 133--133
\OT1/ptm/m/n/10 In sagit-tis ultri-ces mau-ris. Cura-bi-tur male-suada erat sit

 []

LaTeX Font Info:    Font shape `OT1/phv/m/it' in size <10> not available
(Font)              Font shape `OT1/phv/m/sl' tried instead on input line 151.
[1{C:/Users/d56173/AppData/Local/MiKTeX/fonts/map/pdftex/pdftex.map}



 <./psig_required_latex_files/psig_logo.png>]
Underfull \hbox (badness 1715) in paragraph at lines 188--189
[]\OT1/ptm/b/n/10 Lemma 1. []\OT1/ptm/m/n/10 Equation (1-7) of [[]] can be deri
ved from
 []


Underfull \hbox (badness 2376) in paragraph at lines 194--196
\OT1/ptm/m/n/10 whereas, $\OML/cmm/m/it/10 f[] \OT1/cmr/m/n/10 = 8\OML/cmm/m/it
/10 ^^\[]=\OT1/cmr/m/n/10 (\OML/cmm/m/it/10 ^^ZV[]\OT1/cmr/m/n/10 )$ \OT1/ptm/m
/n/10 as given in [[], Chap-ter 9].
 []


Package fancyhdr Warning: \headheight is too small (8.53581pt): 
(fancyhdr)                Make it at least 16.20007pt, for example:
(fancyhdr)                \setlength{\headheight}{16.20007pt}.
(fancyhdr)                You might also make \topmargin smaller to compensate:

(fancyhdr)                \addtolength{\topmargin}{-7.66426pt}.

[2 <./figs/comp_piping_and_valves.png>]
Underfull \hbox (badness 7362) in paragraph at lines 214--216
\OT1/ptm/m/n/10 Finally, recall-ing that $\OT1/cmr/m/n/10 1 [\OML/cmm/m/it/10 l
bf\OT1/cmr/m/n/10 ] = 32\OML/cmm/m/it/10 :\OT1/cmr/m/n/10 174 [\OML/cmm/m/it/10
 lbm \OMS/cmsy/m/n/10 ^^A \OML/cmm/m/it/10 ft=s[]\OT1/cmr/m/n/10 ] =
 []


Underfull \vbox (badness 10000) has occurred while \output is active []


Overfull \hbox (4.78009pt too wide) detected at line 248
[]
 []


Package fancyhdr Warning: \headheight is too small (8.53581pt): 
(fancyhdr)                Make it at least 12.0pt, for example:
(fancyhdr)                \setlength{\headheight}{12.0pt}.
(fancyhdr)                You might also make \topmargin smaller to compensate:

(fancyhdr)                \addtolength{\topmargin}{-3.46419pt}.

[3]
Package epstopdf Info: Source file: <figs/sample_2.eps>
(epstopdf)                    date: 2021-11-17 15:28:18
(epstopdf)                    size: 1351062 bytes
(epstopdf)             Output file: <figs/sample_2-eps-converted-to.pdf>
(epstopdf)                    date: 2021-12-14 21:46:38
(epstopdf)                    size: 88119 bytes
(epstopdf)             Command: <miktex-epstopdf --outfile=figs/sample_2-eps-co
nverted-to.pdf figs/sample_2.eps>
(epstopdf)             \includegraphics on input line 289.
Package epstopdf Info: Output file is already uptodate.


pdfTeX warning: pdflatex (file ./figs/sample_2-eps-converted-to.pdf): PDF inclu
sion: found PDF version <1.7>, but at most version <1.5> allowed
<figs/sample_2-eps-converted-to.pdf, id=33, 362.35374pt x 98.3675pt>
File: figs/sample_2-eps-converted-to.pdf Graphic file (type pdf)
<use figs/sample_2-eps-converted-to.pdf>
Package pdftex.def Info: figs/sample_2-eps-converted-to.pdf  used on input line
 289.
(pdftex.def)             Requested size: 362.35286pt x 98.36723pt.

Underfull \hbox (badness 2134) in paragraph at lines 297--297
\OT1/ptm/m/n/10 Suspendisse vitae elit. Ali-quam arcu neque, ornare in,
 []


Underfull \hbox (badness 1365) in paragraph at lines 297--297
\OT1/ptm/m/n/10 et, lobor-tis in, soda-les eget, dui. Morbi ultri-ces rutrum
 []

(psig_template.bbl)
Underfull \hbox (badness 10000) in paragraph at lines 323--323
[]\OT1/phv/b/n/10 Table3 \OT1/phv/m/n/9 Exam-ple wide single-column table in a
 []


Package fancyhdr Warning: \headheight is too small (8.53581pt): 
(fancyhdr)                Make it at least 16.20007pt, for example:
(fancyhdr)                \setlength{\headheight}{16.20007pt}.
(fancyhdr)                You might also make \topmargin smaller to compensate:

(fancyhdr)                \addtolength{\topmargin}{-7.66426pt}.

[4]
Underfull \vbox (badness 10000) has occurred while \output is active []



Package fancyhdr Warning: \headheight is too small (8.53581pt): 
(fancyhdr)                Make it at least 12.0pt, for example:
(fancyhdr)                \setlength{\headheight}{12.0pt}.
(fancyhdr)                You might also make \topmargin smaller to compensate:

(fancyhdr)                \addtolength{\topmargin}{-3.46419pt}.

[5 <./figs/sample_2-eps-converted-to.pdf>] (psig_template.aux)

LaTeX Font Warning: Size substitutions with differences
(Font)              up to 0.5pt have occurred.

 ) 
Here is how much of TeX's memory you used:
 6995 strings out of 478614
 119856 string characters out of 2842650
 542089 words of memory out of 3000000
 24986 multiletter control sequences out of 15000+600000
 512785 words of font info for 114 fonts, out of 8000000 for 9000
 1151 hyphenation exceptions out of 8191
 87i,12n,91p,967b,400s stack positions out of 10000i,1000n,20000p,200000b,80000s
{C:/Users/d56173/AppData/Local/Programs/MiKTeX/fonts/enc/dvips/base/8r.enc}<C
:/Users/d56173/AppData/Local/Programs/MiKTeX/fonts/type1/public/amsfonts/cm/cme
x10.pfb><C:/Users/d56173/AppData/Local/Programs/MiKTeX/fonts/type1/public/amsfo
nts/cm/cmmi10.pfb><C:/Users/d56173/AppData/Local/Programs/MiKTeX/fonts/type1/pu
blic/amsfonts/cm/cmmi5.pfb><C:/Users/d56173/AppData/Local/Programs/MiKTeX/fonts
/type1/public/amsfonts/cm/cmmi6.pfb><C:/Users/d56173/AppData/Local/Programs/MiK
TeX/fonts/type1/public/amsfonts/cm/cmr10.pfb><C:/Users/d56173/AppData/Local/Pro
grams/MiKTeX/fonts/type1/public/amsfonts/cm/cmr5.pfb><C:/Users/d56173/AppData/L
ocal/Programs/MiKTeX/fonts/type1/public/amsfonts/cm/cmr6.pfb><C:/Users/d56173/A
ppData/Local/Programs/MiKTeX/fonts/type1/public/amsfonts/cm/cmr9.pfb><C:/Users/
d56173/AppData/Local/Programs/MiKTeX/fonts/type1/public/amsfonts/cm/cmsy10.pfb>
<C:/Users/d56173/AppData/Local/Programs/MiKTeX/fonts/type1/public/amsfonts/cm/c
msy6.pfb><C:/Users/d56173/AppData/Local/Programs/MiKTeX/fonts/type1/public/amsf
onts/symbols/msam10.pfb><C:/Users/d56173/AppData/Local/Programs/MiKTeX/fonts/ty
pe1/urw/helvetic/uhvb8a.pfb><C:/Users/d56173/AppData/Local/Programs/MiKTeX/font
s/type1/urw/helvetic/uhvr8a.pfb><C:/Users/d56173/AppData/Local/Programs/MiKTeX/
fonts/type1/urw/helvetic/uhvro8a.pfb><C:/Users/d56173/AppData/Local/Programs/Mi
KTeX/fonts/type1/urw/times/utmb8a.pfb><C:/Users/d56173/AppData/Local/Programs/M
iKTeX/fonts/type1/urw/times/utmr8a.pfb><C:/Users/d56173/AppData/Local/Programs/
MiKTeX/fonts/type1/urw/times/utmri8a.pfb>
Output written on psig_template.pdf (5 pages, 598230 bytes).
PDF statistics:
 115 PDF objects out of 1000 (max. 8388607)
 0 named destinations out of 1000 (max. 500000)
 16 words of extra memory for PDF output out of 10000 (max. 10000000)

